2013-12-06 08:59:35,168 root: INFO qtgui_run , line 26 , $ pysideversion: 1.2.1
2013-12-06 08:59:35,168 root: INFO qtgui_run , line 27 , $ compiled to QT version: 4.8.1
2013-12-06 08:59:35,169 root: INFO qtgui_run , line 28 , $ python version: 2.7.3 (default, Sep 26 2013, 20:03:06) 
[GCC 4.6.3]
2013-12-06 08:59:46,300 root: INFO qtgui_run , line 32 , $ shuting down by user!?
2013-12-06 09:01:00,715 root: INFO qtgui_run , line 26 , $ pysideversion: 1.2.1
2013-12-06 09:01:00,716 root: INFO qtgui_run , line 27 , $ compiled to QT version: 4.8.1
2013-12-06 09:01:00,716 root: INFO qtgui_run , line 28 , $ python version: 2.7.3 (default, Sep 26 2013, 20:03:06) 
[GCC 4.6.3]
2013-12-06 09:01:09,344 root: INFO qtgui_run , line 32 , $ shuting down by user!?
2013-12-06 09:12:31,496 root: INFO qtgui_run , line 26 , $ pysideversion: 1.2.1
2013-12-06 09:12:31,496 root: INFO qtgui_run , line 27 , $ compiled to QT version: 4.8.1
2013-12-06 09:12:31,496 root: INFO qtgui_run , line 28 , $ python version: 2.7.3 (default, Sep 26 2013, 20:03:06) 
[GCC 4.6.3]
2013-12-06 09:12:36,650 root: INFO qtgui_run , line 32 , $ shuting down by user!?
2013-12-06 09:14:26,380 root: INFO qtgui_run , line 26 , $ pysideversion: 1.2.1
2013-12-06 09:14:26,380 root: INFO qtgui_run , line 27 , $ compiled to QT version: 4.8.1
2013-12-06 09:14:26,380 root: INFO qtgui_run , line 28 , $ python version: 2.7.3 (default, Sep 26 2013, 20:03:06) 
[GCC 4.6.3]
2013-12-06 09:14:26,528 root: INFO qtgui_run , line 32 , $ shuting down by user!?
2013-12-06 09:15:13,764 root: INFO qtgui_run , line 26 , $ pysideversion: 1.2.1
2013-12-06 09:15:13,764 root: INFO qtgui_run , line 27 , $ compiled to QT version: 4.8.1
2013-12-06 09:15:13,764 root: INFO qtgui_run , line 28 , $ python version: 2.7.3 (default, Sep 26 2013, 20:03:06) 
[GCC 4.6.3]
2013-12-06 09:15:13,921 root: INFO qtgui_run , line 32 , $ shuting down by user!?
2013-12-06 09:15:56,403 root: INFO qtgui_run , line 26 , $ pysideversion: 1.2.1
2013-12-06 09:15:56,403 root: INFO qtgui_run , line 27 , $ compiled to QT version: 4.8.1
2013-12-06 09:15:56,403 root: INFO qtgui_run , line 28 , $ python version: 2.7.3 (default, Sep 26 2013, 20:03:06) 
[GCC 4.6.3]
2013-12-06 09:17:07,495 root: INFO qtgui_run , line 26 , $ pysideversion: 1.2.1
2013-12-06 09:17:07,495 root: INFO qtgui_run , line 27 , $ compiled to QT version: 4.8.1
2013-12-06 09:17:07,495 root: INFO qtgui_run , line 28 , $ python version: 2.7.3 (default, Sep 26 2013, 20:03:06) 
[GCC 4.6.3]
2013-12-06 09:17:07,633 root: INFO qtgui_run , line 32 , $ shuting down by user!?
2013-12-06 09:17:28,637 root: INFO qtgui_run , line 26 , $ pysideversion: 1.2.1
2013-12-06 09:17:28,637 root: INFO qtgui_run , line 27 , $ compiled to QT version: 4.8.1
2013-12-06 09:17:28,637 root: INFO qtgui_run , line 28 , $ python version: 2.7.3 (default, Sep 26 2013, 20:03:06) 
[GCC 4.6.3]
2013-12-06 09:17:34,520 root: INFO qtgui_run , line 32 , $ shuting down by user!?
2013-12-06 09:17:45,195 root: INFO qtgui_run , line 26 , $ pysideversion: 1.2.1
2013-12-06 09:17:45,195 root: INFO qtgui_run , line 27 , $ compiled to QT version: 4.8.1
2013-12-06 09:17:45,195 root: INFO qtgui_run , line 28 , $ python version: 2.7.3 (default, Sep 26 2013, 20:03:06) 
[GCC 4.6.3]
2013-12-06 09:17:51,955 root: INFO qtgui_run , line 32 , $ shuting down by user!?
2013-12-06 09:18:56,107 root: INFO qtgui_run , line 26 , $ pysideversion: 1.2.1
2013-12-06 09:18:56,108 root: INFO qtgui_run , line 27 , $ compiled to QT version: 4.8.1
2013-12-06 09:18:56,108 root: INFO qtgui_run , line 28 , $ python version: 2.7.3 (default, Sep 26 2013, 20:03:06) 
[GCC 4.6.3]
2013-12-06 09:18:58,537 root: INFO qtgui_run , line 32 , $ shuting down by user!?
2013-12-06 09:20:01,986 root: INFO qtgui_run , line 26 , $ pysideversion: 1.2.1
2013-12-06 09:20:01,986 root: INFO qtgui_run , line 27 , $ compiled to QT version: 4.8.1
2013-12-06 09:20:01,986 root: INFO qtgui_run , line 28 , $ python version: 2.7.3 (default, Sep 26 2013, 20:03:06) 
[GCC 4.6.3]
2013-12-06 09:20:07,408 root: INFO qtgui_run , line 32 , $ shuting down by user!?
2013-12-06 09:22:45,430 root: INFO qtgui_run , line 26 , $ pysideversion: 1.2.1
2013-12-06 09:22:45,430 root: INFO qtgui_run , line 27 , $ compiled to QT version: 4.8.1
2013-12-06 09:22:45,430 root: INFO qtgui_run , line 28 , $ python version: 2.7.3 (default, Sep 26 2013, 20:03:06) 
[GCC 4.6.3]
2013-12-06 09:22:45,549 root: INFO qtgui_run , line 32 , $ shuting down by user!?
2013-12-06 09:23:12,674 root: INFO qtgui_run , line 26 , $ pysideversion: 1.2.1
2013-12-06 09:23:12,674 root: INFO qtgui_run , line 27 , $ compiled to QT version: 4.8.1
2013-12-06 09:23:12,674 root: INFO qtgui_run , line 28 , $ python version: 2.7.3 (default, Sep 26 2013, 20:03:06) 
[GCC 4.6.3]
2013-12-06 09:23:15,885 root: INFO qtgui_run , line 32 , $ shuting down by user!?
2013-12-06 09:24:06,089 root: INFO qtgui_run , line 26 , $ pysideversion: 1.2.1
2013-12-06 09:24:06,089 root: INFO qtgui_run , line 27 , $ compiled to QT version: 4.8.1
2013-12-06 09:24:06,089 root: INFO qtgui_run , line 28 , $ python version: 2.7.3 (default, Sep 26 2013, 20:03:06) 
[GCC 4.6.3]
2013-12-06 09:24:20,692 root: INFO qtgui_run , line 32 , $ shuting down by user!?
2013-12-06 09:25:03,883 root: INFO qtgui_run , line 26 , $ pysideversion: 1.2.1
2013-12-06 09:25:03,883 root: INFO qtgui_run , line 27 , $ compiled to QT version: 4.8.1
2013-12-06 09:25:03,883 root: INFO qtgui_run , line 28 , $ python version: 2.7.3 (default, Sep 26 2013, 20:03:06) 
[GCC 4.6.3]
2013-12-06 09:25:04,026 root: INFO qtgui_run , line 32 , $ shuting down by user!?
2013-12-06 09:26:13,451 root: INFO qtgui_run , line 26 , $ pysideversion: 1.2.1
2013-12-06 09:26:13,451 root: INFO qtgui_run , line 27 , $ compiled to QT version: 4.8.1
2013-12-06 09:26:13,451 root: INFO qtgui_run , line 28 , $ python version: 2.7.3 (default, Sep 26 2013, 20:03:06) 
[GCC 4.6.3]
2013-12-06 09:26:13,579 root: INFO qtgui_run , line 32 , $ shuting down by user!?
2013-12-06 09:26:58,291 root: INFO qtgui_run , line 26 , $ pysideversion: 1.2.1
2013-12-06 09:26:58,291 root: INFO qtgui_run , line 27 , $ compiled to QT version: 4.8.1
2013-12-06 09:26:58,291 root: INFO qtgui_run , line 28 , $ python version: 2.7.3 (default, Sep 26 2013, 20:03:06) 
[GCC 4.6.3]
2013-12-06 09:27:11,389 root: INFO qtgui_run , line 26 , $ pysideversion: 1.2.1
2013-12-06 09:27:11,389 root: INFO qtgui_run , line 27 , $ compiled to QT version: 4.8.1
2013-12-06 09:27:11,389 root: INFO qtgui_run , line 28 , $ python version: 2.7.3 (default, Sep 26 2013, 20:03:06) 
[GCC 4.6.3]
2013-12-06 09:33:14,133 root: INFO qtgui_run , line 26 , $ pysideversion: 1.2.1
2013-12-06 09:33:14,133 root: INFO qtgui_run , line 27 , $ compiled to QT version: 4.8.1
2013-12-06 09:33:14,133 root: INFO qtgui_run , line 28 , $ python version: 2.7.3 (default, Sep 26 2013, 20:03:06) 
[GCC 4.6.3]
2013-12-06 09:37:55,721 root: INFO qtgui_run , line 26 , $ pysideversion: 1.2.1
2013-12-06 09:37:55,721 root: INFO qtgui_run , line 27 , $ compiled to QT version: 4.8.1
2013-12-06 09:37:55,721 root: INFO qtgui_run , line 28 , $ python version: 2.7.3 (default, Sep 26 2013, 20:03:06) 
[GCC 4.6.3]
2013-12-06 09:38:01,874 root: INFO qtgui_run , line 32 , $ shuting down by user!?
2013-12-06 09:38:22,544 root: INFO qtgui_run , line 26 , $ pysideversion: 1.2.1
2013-12-06 09:38:22,544 root: INFO qtgui_run , line 27 , $ compiled to QT version: 4.8.1
2013-12-06 09:38:22,545 root: INFO qtgui_run , line 28 , $ python version: 2.7.3 (default, Sep 26 2013, 20:03:06) 
[GCC 4.6.3]
2013-12-06 09:38:28,506 root: INFO qtgui_run , line 32 , $ shuting down by user!?
2013-12-06 09:42:07,669 root: INFO qtgui_run , line 26 , $ pysideversion: 1.2.1
2013-12-06 09:42:07,669 root: INFO qtgui_run , line 27 , $ compiled to QT version: 4.8.1
2013-12-06 09:42:07,669 root: INFO qtgui_run , line 28 , $ python version: 2.7.3 (default, Sep 26 2013, 20:03:06) 
[GCC 4.6.3]
2013-12-06 09:42:07,807 root: INFO qtgui_run , line 32 , $ shuting down by user!?
2013-12-06 09:42:31,678 root: INFO qtgui_run , line 26 , $ pysideversion: 1.2.1
2013-12-06 09:42:31,678 root: INFO qtgui_run , line 27 , $ compiled to QT version: 4.8.1
2013-12-06 09:42:31,678 root: INFO qtgui_run , line 28 , $ python version: 2.7.3 (default, Sep 26 2013, 20:03:06) 
[GCC 4.6.3]
2013-12-06 09:42:31,781 root: INFO qtgui_run , line 32 , $ shuting down by user!?
2013-12-06 09:43:16,047 root: INFO qtgui_run , line 26 , $ pysideversion: 1.2.1
2013-12-06 09:43:16,047 root: INFO qtgui_run , line 27 , $ compiled to QT version: 4.8.1
2013-12-06 09:43:16,047 root: INFO qtgui_run , line 28 , $ python version: 2.7.3 (default, Sep 26 2013, 20:03:06) 
[GCC 4.6.3]
2013-12-06 09:43:28,298 root: INFO qtgui_run , line 32 , $ shuting down by user!?
2013-12-06 09:47:43,914 root: INFO qtgui_run , line 26 , $ pysideversion: 1.2.1
2013-12-06 09:47:43,914 root: INFO qtgui_run , line 27 , $ compiled to QT version: 4.8.1
2013-12-06 09:47:43,915 root: INFO qtgui_run , line 28 , $ python version: 2.7.3 (default, Sep 26 2013, 20:03:06) 
[GCC 4.6.3]
2013-12-06 09:47:57,976 root: INFO qtgui_run , line 32 , $ shuting down by user!?
