2013-12-06 08:06:15,780 root: INFO qtgui_run , line 26 , $ pysideversion: 1.2.1
2013-12-06 08:06:15,780 root: INFO qtgui_run , line 27 , $ compiled to QT version: 4.8.1
2013-12-06 08:06:15,780 root: INFO qtgui_run , line 28 , $ python version: 2.7.3 (default, Sep 26 2013, 20:03:06) 
[GCC 4.6.3]
2013-12-06 08:06:15,891 root: INFO qtgui_run , line 32 , $ shuting down by user!?
2013-12-06 08:10:09,489 root: INFO qtgui_run , line 26 , $ pysideversion: 1.2.1
2013-12-06 08:10:09,490 root: INFO qtgui_run , line 27 , $ compiled to QT version: 4.8.1
2013-12-06 08:10:09,490 root: INFO qtgui_run , line 28 , $ python version: 2.7.3 (default, Sep 26 2013, 20:03:06) 
[GCC 4.6.3]
2013-12-06 08:10:19,060 root: INFO qtgui_run , line 32 , $ shuting down by user!?
2013-12-06 08:19:03,914 root: INFO qtgui_run , line 26 , $ pysideversion: 1.2.1
2013-12-06 08:19:03,914 root: INFO qtgui_run , line 27 , $ compiled to QT version: 4.8.1
2013-12-06 08:19:03,914 root: INFO qtgui_run , line 28 , $ python version: 2.7.3 (default, Sep 26 2013, 20:03:06) 
[GCC 4.6.3]
2013-12-06 08:19:07,450 root: INFO qtgui_run , line 32 , $ shuting down by user!?
2013-12-06 08:26:09,321 root: INFO qtgui_run , line 26 , $ pysideversion: 1.2.1
2013-12-06 08:26:09,322 root: INFO qtgui_run , line 27 , $ compiled to QT version: 4.8.1
2013-12-06 08:26:09,322 root: INFO qtgui_run , line 28 , $ python version: 2.7.3 (default, Sep 26 2013, 20:03:06) 
[GCC 4.6.3]
2013-12-06 08:26:09,475 root: INFO qtgui_run , line 32 , $ shuting down by user!?
2013-12-06 08:29:25,061 root: INFO qtgui_run , line 26 , $ pysideversion: 1.2.1
2013-12-06 08:29:25,061 root: INFO qtgui_run , line 27 , $ compiled to QT version: 4.8.1
2013-12-06 08:29:25,061 root: INFO qtgui_run , line 28 , $ python version: 2.7.3 (default, Sep 26 2013, 20:03:06) 
[GCC 4.6.3]
2013-12-06 08:29:25,195 root: INFO qtgui_run , line 32 , $ shuting down by user!?
2013-12-06 08:29:51,389 root: INFO qtgui_run , line 26 , $ pysideversion: 1.2.1
2013-12-06 08:29:51,389 root: INFO qtgui_run , line 27 , $ compiled to QT version: 4.8.1
2013-12-06 08:29:51,389 root: INFO qtgui_run , line 28 , $ python version: 2.7.3 (default, Sep 26 2013, 20:03:06) 
[GCC 4.6.3]
2013-12-06 08:29:51,530 root: INFO qtgui_run , line 32 , $ shuting down by user!?
2013-12-06 08:30:19,442 root: INFO qtgui_run , line 26 , $ pysideversion: 1.2.1
2013-12-06 08:30:19,442 root: INFO qtgui_run , line 27 , $ compiled to QT version: 4.8.1
2013-12-06 08:30:19,443 root: INFO qtgui_run , line 28 , $ python version: 2.7.3 (default, Sep 26 2013, 20:03:06) 
[GCC 4.6.3]
2013-12-06 08:30:19,594 root: INFO qtgui_run , line 32 , $ shuting down by user!?
2013-12-06 08:30:36,042 root: INFO qtgui_run , line 26 , $ pysideversion: 1.2.1
2013-12-06 08:30:36,042 root: INFO qtgui_run , line 27 , $ compiled to QT version: 4.8.1
2013-12-06 08:30:36,042 root: INFO qtgui_run , line 28 , $ python version: 2.7.3 (default, Sep 26 2013, 20:03:06) 
[GCC 4.6.3]
2013-12-06 08:30:36,172 root: INFO qtgui_run , line 32 , $ shuting down by user!?
2013-12-06 08:33:27,940 root: INFO qtgui_run , line 26 , $ pysideversion: 1.2.1
2013-12-06 08:33:27,940 root: INFO qtgui_run , line 27 , $ compiled to QT version: 4.8.1
2013-12-06 08:33:27,940 root: INFO qtgui_run , line 28 , $ python version: 2.7.3 (default, Sep 26 2013, 20:03:06) 
[GCC 4.6.3]
2013-12-06 08:33:28,073 root: INFO qtgui_run , line 32 , $ shuting down by user!?
2013-12-06 08:38:51,771 root: INFO qtgui_run , line 26 , $ pysideversion: 1.2.1
2013-12-06 08:38:51,771 root: INFO qtgui_run , line 27 , $ compiled to QT version: 4.8.1
2013-12-06 08:38:51,771 root: INFO qtgui_run , line 28 , $ python version: 2.7.3 (default, Sep 26 2013, 20:03:06) 
[GCC 4.6.3]
2013-12-06 08:38:51,901 root: INFO qtgui_run , line 32 , $ shuting down by user!?
2013-12-06 08:39:08,670 root: INFO qtgui_run , line 26 , $ pysideversion: 1.2.1
2013-12-06 08:39:08,670 root: INFO qtgui_run , line 27 , $ compiled to QT version: 4.8.1
2013-12-06 08:39:08,670 root: INFO qtgui_run , line 28 , $ python version: 2.7.3 (default, Sep 26 2013, 20:03:06) 
[GCC 4.6.3]
2013-12-06 08:39:08,827 root: INFO qtgui_run , line 32 , $ shuting down by user!?
2013-12-06 08:41:00,761 root: INFO qtgui_run , line 26 , $ pysideversion: 1.2.1
2013-12-06 08:41:00,761 root: INFO qtgui_run , line 27 , $ compiled to QT version: 4.8.1
2013-12-06 08:41:00,761 root: INFO qtgui_run , line 28 , $ python version: 2.7.3 (default, Sep 26 2013, 20:03:06) 
[GCC 4.6.3]
2013-12-06 08:41:00,904 root: INFO qtgui_run , line 32 , $ shuting down by user!?
2013-12-06 08:42:13,663 root: INFO qtgui_run , line 26 , $ pysideversion: 1.2.1
2013-12-06 08:42:13,663 root: INFO qtgui_run , line 27 , $ compiled to QT version: 4.8.1
2013-12-06 08:42:13,663 root: INFO qtgui_run , line 28 , $ python version: 2.7.3 (default, Sep 26 2013, 20:03:06) 
[GCC 4.6.3]
2013-12-06 08:42:13,802 root: INFO qtgui_run , line 32 , $ shuting down by user!?
2013-12-06 08:42:30,625 root: INFO qtgui_run , line 26 , $ pysideversion: 1.2.1
2013-12-06 08:42:30,626 root: INFO qtgui_run , line 27 , $ compiled to QT version: 4.8.1
2013-12-06 08:42:30,626 root: INFO qtgui_run , line 28 , $ python version: 2.7.3 (default, Sep 26 2013, 20:03:06) 
[GCC 4.6.3]
2013-12-06 08:42:30,738 root: INFO qtgui_run , line 32 , $ shuting down by user!?
2013-12-06 08:42:40,049 root: INFO qtgui_run , line 26 , $ pysideversion: 1.2.1
2013-12-06 08:42:40,049 root: INFO qtgui_run , line 27 , $ compiled to QT version: 4.8.1
2013-12-06 08:42:40,049 root: INFO qtgui_run , line 28 , $ python version: 2.7.3 (default, Sep 26 2013, 20:03:06) 
[GCC 4.6.3]
2013-12-06 08:42:40,209 root: INFO qtgui_run , line 32 , $ shuting down by user!?
2013-12-06 08:45:15,740 root: INFO qtgui_run , line 26 , $ pysideversion: 1.2.1
2013-12-06 08:45:15,740 root: INFO qtgui_run , line 27 , $ compiled to QT version: 4.8.1
2013-12-06 08:45:15,740 root: INFO qtgui_run , line 28 , $ python version: 2.7.3 (default, Sep 26 2013, 20:03:06) 
[GCC 4.6.3]
2013-12-06 08:45:15,878 root: INFO qtgui_run , line 32 , $ shuting down by user!?
2013-12-06 08:46:08,436 root: INFO qtgui_run , line 26 , $ pysideversion: 1.2.1
2013-12-06 08:46:08,436 root: INFO qtgui_run , line 27 , $ compiled to QT version: 4.8.1
2013-12-06 08:46:08,436 root: INFO qtgui_run , line 28 , $ python version: 2.7.3 (default, Sep 26 2013, 20:03:06) 
[GCC 4.6.3]
2013-12-06 08:46:08,570 root: INFO qtgui_run , line 32 , $ shuting down by user!?
2013-12-06 08:48:11,326 root: INFO qtgui_run , line 26 , $ pysideversion: 1.2.1
2013-12-06 08:48:11,326 root: INFO qtgui_run , line 27 , $ compiled to QT version: 4.8.1
2013-12-06 08:48:11,327 root: INFO qtgui_run , line 28 , $ python version: 2.7.3 (default, Sep 26 2013, 20:03:06) 
[GCC 4.6.3]
2013-12-06 08:48:11,486 root: INFO qtgui_run , line 32 , $ shuting down by user!?
2013-12-06 08:49:43,459 root: INFO qtgui_run , line 26 , $ pysideversion: 1.2.1
2013-12-06 08:49:43,459 root: INFO qtgui_run , line 27 , $ compiled to QT version: 4.8.1
2013-12-06 08:49:43,459 root: INFO qtgui_run , line 28 , $ python version: 2.7.3 (default, Sep 26 2013, 20:03:06) 
[GCC 4.6.3]
2013-12-06 08:49:43,618 root: INFO qtgui_run , line 32 , $ shuting down by user!?
2013-12-06 08:50:17,778 root: INFO qtgui_run , line 26 , $ pysideversion: 1.2.1
2013-12-06 08:50:17,779 root: INFO qtgui_run , line 27 , $ compiled to QT version: 4.8.1
2013-12-06 08:50:17,779 root: INFO qtgui_run , line 28 , $ python version: 2.7.3 (default, Sep 26 2013, 20:03:06) 
[GCC 4.6.3]
2013-12-06 08:50:17,925 root: INFO qtgui_run , line 32 , $ shuting down by user!?
2013-12-06 08:52:05,107 root: INFO qtgui_run , line 26 , $ pysideversion: 1.2.1
2013-12-06 08:52:05,108 root: INFO qtgui_run , line 27 , $ compiled to QT version: 4.8.1
2013-12-06 08:52:05,108 root: INFO qtgui_run , line 28 , $ python version: 2.7.3 (default, Sep 26 2013, 20:03:06) 
[GCC 4.6.3]
2013-12-06 08:52:05,260 root: INFO qtgui_run , line 32 , $ shuting down by user!?
2013-12-06 08:52:56,968 root: INFO qtgui_run , line 26 , $ pysideversion: 1.2.1
2013-12-06 08:52:56,968 root: INFO qtgui_run , line 27 , $ compiled to QT version: 4.8.1
2013-12-06 08:52:56,969 root: INFO qtgui_run , line 28 , $ python version: 2.7.3 (default, Sep 26 2013, 20:03:06) 
[GCC 4.6.3]
2013-12-06 08:52:57,105 root: INFO qtgui_run , line 32 , $ shuting down by user!?
